<?xml version="1.0" encoding="UTF-8"?>
<!-- Generated by org.testng.reporters.JUnitReportReporter -->
<testsuite name="com.learnautomation.testcases.TestCaseWithoutFramework" tests="1" time="31.249" ignored="0" failures="0" timestamp="08 Mar 2020 17:33:00 GMT" skipped="0" hostname="L-356003318" errors="1">
  <testcase name="test1" time="31.249" classname="com.learnautomation.testcases.TestCaseWithoutFramework">
    <error type="org.openqa.selenium.SessionNotCreatedException" message="session not created: This version of ChromeDriver only supports Chrome version 78
Build info: version: &#039;3.14.0&#039;, revision: &#039;aacccce0&#039;, time: &#039;2018-08-02T20:19:58.91Z&#039;
System info: host: &#039;L-356003318&#039;, ip: &#039;192.168.0.110&#039;, os.name: &#039;Windows 10&#039;, os.arch: &#039;amd64&#039;, os.version: &#039;10.0&#039;, java.version: &#039;1.8.0_121&#039;
Driver info: driver.version: ChromeDriver
remote stacktrace: Backtrace:
	Ordinal0 [0x00D0A923+1550627]
	Ordinal0 [0x00C8A731+1025841]
	Ordinal0 [0x00C0C715+509717]
	Ordinal0 [0x00B9FC68+64616]
	Ordinal0 [0x00B9C594+50580]
	Ordinal0 [0x00BBACE7+175335]
	Ordinal0 [0x00BBA8ED+174317]
	Ordinal0 [0x00BB8CDB+167131]
	Ordinal0 [0x00BA144A+70730]
	Ordinal0 [0x00BA24D0+74960]
	Ordinal0 [0x00BA2469+74857]
	Ordinal0 [0x00CA42F7+1131255]
	GetHandleVerifier [0x00DA711D+523789]
	GetHandleVerifier [0x00DA6EB0+523168]
	GetHandleVerifier [0x00DAE207+552695]
	GetHandleVerifier [0x00DA791A+525834]
	Ordinal0 [0x00C9B82C+1095724]
	Ordinal0 [0x00CA636B+1139563]
	Ordinal0 [0x00CA64D3+1139923]
	Ordinal0 [0x00CA5455+1135701]
	BaseThreadInitThunk [0x767A8494+36]
	RtlAreBitsSet [0x777F41C8+136]
	RtlAreBitsSet [0x777F4198+88]
">
      <![CDATA[org.openqa.selenium.SessionNotCreatedException: session not created: This version of ChromeDriver only supports Chrome version 78
Build info: version: '3.14.0', revision: 'aacccce0', time: '2018-08-02T20:19:58.91Z'
System info: host: 'L-356003318', ip: '192.168.0.110', os.name: 'Windows 10', os.arch: 'amd64', os.version: '10.0', java.version: '1.8.0_121'
Driver info: driver.version: ChromeDriver
remote stacktrace: Backtrace:
	Ordinal0 [0x00D0A923+1550627]
	Ordinal0 [0x00C8A731+1025841]
	Ordinal0 [0x00C0C715+509717]
	Ordinal0 [0x00B9FC68+64616]
	Ordinal0 [0x00B9C594+50580]
	Ordinal0 [0x00BBACE7+175335]
	Ordinal0 [0x00BBA8ED+174317]
	Ordinal0 [0x00BB8CDB+167131]
	Ordinal0 [0x00BA144A+70730]
	Ordinal0 [0x00BA24D0+74960]
	Ordinal0 [0x00BA2469+74857]
	Ordinal0 [0x00CA42F7+1131255]
	GetHandleVerifier [0x00DA711D+523789]
	GetHandleVerifier [0x00DA6EB0+523168]
	GetHandleVerifier [0x00DAE207+552695]
	GetHandleVerifier [0x00DA791A+525834]
	Ordinal0 [0x00C9B82C+1095724]
	Ordinal0 [0x00CA636B+1139563]
	Ordinal0 [0x00CA64D3+1139923]
	Ordinal0 [0x00CA5455+1135701]
	BaseThreadInitThunk [0x767A8494+36]
	RtlAreBitsSet [0x777F41C8+136]
	RtlAreBitsSet [0x777F4198+88]

	at sun.reflect.NativeConstructorAccessorImpl.newInstance0(Native Method)
	at sun.reflect.NativeConstructorAccessorImpl.newInstance(NativeConstructorAccessorImpl.java:62)
	at sun.reflect.DelegatingConstructorAccessorImpl.newInstance(DelegatingConstructorAccessorImpl.java:45)
	at java.lang.reflect.Constructor.newInstance(Constructor.java:423)
	at org.openqa.selenium.remote.W3CHandshakeResponse.lambda$new$0(W3CHandshakeResponse.java:57)
	at org.openqa.selenium.remote.W3CHandshakeResponse.lambda$getResponseFunction$2(W3CHandshakeResponse.java:104)
	at org.openqa.selenium.remote.ProtocolHandshake.lambda$createSession$0(ProtocolHandshake.java:122)
	at java.util.stream.ReferencePipeline$3$1.accept(ReferencePipeline.java:193)
	at java.util.Spliterators$ArraySpliterator.tryAdvance(Spliterators.java:958)
	at java.util.stream.ReferencePipeline.forEachWithCancel(ReferencePipeline.java:126)
	at java.util.stream.AbstractPipeline.copyIntoWithCancel(AbstractPipeline.java:498)
	at java.util.stream.AbstractPipeline.copyInto(AbstractPipeline.java:485)
	at java.util.stream.AbstractPipeline.wrapAndCopyInto(AbstractPipeline.java:471)
	at java.util.stream.FindOps$FindOp.evaluateSequential(FindOps.java:152)
	at java.util.stream.AbstractPipeline.evaluate(AbstractPipeline.java:234)
	at java.util.stream.ReferencePipeline.findFirst(ReferencePipeline.java:464)
	at org.openqa.selenium.remote.ProtocolHandshake.createSession(ProtocolHandshake.java:125)
	at org.openqa.selenium.remote.ProtocolHandshake.createSession(ProtocolHandshake.java:73)
	at org.openqa.selenium.remote.HttpCommandExecutor.execute(HttpCommandExecutor.java:136)
	at org.openqa.selenium.remote.service.DriverCommandExecutor.execute(DriverCommandExecutor.java:83)
	at org.openqa.selenium.remote.RemoteWebDriver.execute(RemoteWebDriver.java:548)
	at org.openqa.selenium.remote.RemoteWebDriver.startSession(RemoteWebDriver.java:212)
	at org.openqa.selenium.remote.RemoteWebDriver.<init>(RemoteWebDriver.java:130)
	at org.openqa.selenium.chrome.ChromeDriver.<init>(ChromeDriver.java:181)
	at org.openqa.selenium.chrome.ChromeDriver.<init>(ChromeDriver.java:168)
	at org.openqa.selenium.chrome.ChromeDriver.<init>(ChromeDriver.java:123)
	at com.learnautomation.testcases.TestCaseWithoutFramework.test1(TestCaseWithoutFramework.java:18)
	at sun.reflect.NativeMethodAccessorImpl.invoke0(Native Method)
	at sun.reflect.NativeMethodAccessorImpl.invoke(NativeMethodAccessorImpl.java:62)
	at sun.reflect.DelegatingMethodAccessorImpl.invoke(DelegatingMethodAccessorImpl.java:43)
	at java.lang.reflect.Method.invoke(Method.java:498)
	at org.testng.internal.MethodInvocationHelper.invokeMethod(MethodInvocationHelper.java:104)
	at org.testng.internal.Invoker.invokeMethod(Invoker.java:645)
	at org.testng.internal.Invoker.invokeTestMethod(Invoker.java:851)
	at org.testng.internal.Invoker.invokeTestMethods(Invoker.java:1177)
	at org.testng.internal.TestMethodWorker.invokeTestMethods(TestMethodWorker.java:129)
	at org.testng.internal.TestMethodWorker.run(TestMethodWorker.java:112)
	at org.testng.TestRunner.privateRun(TestRunner.java:756)
	at org.testng.TestRunner.run(TestRunner.java:610)
	at org.testng.SuiteRunner.runTest(SuiteRunner.java:387)
	at org.testng.SuiteRunner.runSequentially(SuiteRunner.java:382)
	at org.testng.SuiteRunner.privateRun(SuiteRunner.java:340)
	at org.testng.SuiteRunner.run(SuiteRunner.java:289)
	at org.testng.SuiteRunnerWorker.runSuite(SuiteRunnerWorker.java:52)
	at org.testng.SuiteRunnerWorker.run(SuiteRunnerWorker.java:86)
	at org.testng.TestNG.runSuitesSequentially(TestNG.java:1293)
	at org.testng.TestNG.runSuitesLocally(TestNG.java:1218)
	at org.testng.TestNG.runSuites(TestNG.java:1133)
	at org.testng.TestNG.run(TestNG.java:1104)
	at org.testng.remote.AbstractRemoteTestNG.run(AbstractRemoteTestNG.java:132)
	at org.testng.remote.RemoteTestNG.initAndRun(RemoteTestNG.java:236)
	at org.testng.remote.RemoteTestNG.main(RemoteTestNG.java:81)
]]>
    </error>
  </testcase> <!-- test1 -->
</testsuite> <!-- com.learnautomation.testcases.TestCaseWithoutFramework -->
